<?xml version="1.0" encoding="UTF-8"?>
<!-- Generated by org.testng.reporters.JUnitXMLReporter -->
<testsuite ignored="0" hostname="Rohit_kumar" failures="0" tests="13" name="Surefire test" time="19.292" errors="0" timestamp="2024-10-19T11:06:33 IST">
  <testcase classname="api.test.DDTests" name="testPostUser" time="3.151"/>
  <testcase classname="api.test.DDTests" name="testPostUser" time="1.154"/>
  <testcase classname="api.test.DDTests" name="testPostUser" time="1.086"/>
  <testcase classname="api.test.DDTests" name="testGetuserByName" time="1.115"/>
  <testcase classname="api.test.DDTests" name="testGetuserByName" time="1.109"/>
  <testcase classname="api.test.DDTests" name="testGetuserByName" time="1.145"/>
  <testcase classname="api.test.DDTests" name="testDeleteuserByName" time="1.099"/>
  <testcase classname="api.test.DDTests" name="testDeleteuserByName" time="1.087"/>
  <testcase classname="api.test.DDTests" name="testDeleteuserByName" time="1.11"/>
  <testcase classname="api.test.UserTests" name="testPostUser" time="1.132"/>
  <testcase classname="api.test.UserTests" name="testGetUserByName" time="1.11"/>
  <testcase classname="api.test.UserTests" name="testUpdateUserByName" time="2.28"/>
  <testcase classname="api.test.UserTests" name="testDeleteUserByName" time="1.13"/>
</testsuite> <!-- Surefire test -->
