<?xml version="1.0" encoding="UTF-8"?>
<!-- Generated by org.testng.reporters.JUnitXMLReporter -->
<testsuite ignored="0" hostname="Rohit_kumar" failures="0" tests="9" name="Default test" time="12.572" errors="0" timestamp="2024-10-18T19:35:58 IST">
  <testcase classname="api.test.DDTests" name="testPostUser" time="2.535"/>
  <testcase classname="api.test.DDTests" name="testPostUser" time="1.101"/>
  <testcase classname="api.test.DDTests" name="testPostUser" time="1.092"/>
  <testcase classname="api.test.DDTests" name="testGetuserByName" time="1.159"/>
  <testcase classname="api.test.DDTests" name="testGetuserByName" time="1.146"/>
  <testcase classname="api.test.DDTests" name="testGetuserByName" time="1.117"/>
  <testcase classname="api.test.DDTests" name="testDeleteuserByName" time="1.084"/>
  <testcase classname="api.test.DDTests" name="testDeleteuserByName" time="1.117"/>
  <testcase classname="api.test.DDTests" name="testDeleteuserByName" time="1.094"/>
</testsuite> <!-- Default test -->
