<?xml version="1.0" encoding="UTF-8"?>
<!-- Generated by org.testng.reporters.JUnitXMLReporter -->
<testsuite ignored="0" hostname="Rohit_kumar" failures="0" tests="4" name="Test" time="7.543" errors="0" timestamp="2024-10-19T10:34:49 IST">
  <testcase classname="api.test.UserTestsWillRunByPropertiesFile" name="testPostUser" time="2.644"/>
  <testcase classname="api.test.UserTestsWillRunByPropertiesFile" name="testGetUserByName" time="1.114"/>
  <testcase classname="api.test.UserTestsWillRunByPropertiesFile" name="testUpdateUserByName" time="2.238"/>
  <testcase classname="api.test.UserTestsWillRunByPropertiesFile" name="testDeleteUserByName" time="1.124"/>
</testsuite> <!-- Test -->
