<?xml version="1.0" encoding="UTF-8"?>
<testng-results ignored="0" total="13" passed="13" failed="0" skipped="0">
  <reporter-output>
  </reporter-output>
  <suite started-at="2024-10-19T11:06:14 IST" name="Surefire suite" finished-at="2024-10-19T11:06:33 IST" duration-ms="19292">
    <groups>
    </groups>
    <test started-at="2024-10-19T11:06:14 IST" name="Surefire test" finished-at="2024-10-19T11:06:33 IST" duration-ms="19292">
      <class name="api.test.UserTests">
        <test-method is-config="true" signature="setupData()[pri:0, instance:api.test.UserTests@2f7c2f4f]" started-at="2024-10-19T11:06:27 IST" name="setupData" finished-at="2024-10-19T11:06:27 IST" duration-ms="173" status="PASS">
          <reporter-output>
          </reporter-output>
        </test-method> <!-- setupData -->
        <test-method signature="testPostUser()[pri:1, instance:api.test.UserTests@2f7c2f4f]" started-at="2024-10-19T11:06:27 IST" name="testPostUser" finished-at="2024-10-19T11:06:28 IST" duration-ms="1132" status="PASS">
          <reporter-output>
          </reporter-output>
        </test-method> <!-- testPostUser -->
        <test-method signature="testGetUserByName()[pri:2, instance:api.test.UserTests@2f7c2f4f]" started-at="2024-10-19T11:06:28 IST" name="testGetUserByName" finished-at="2024-10-19T11:06:29 IST" duration-ms="1110" status="PASS">
          <reporter-output>
          </reporter-output>
        </test-method> <!-- testGetUserByName -->
        <test-method signature="testUpdateUserByName()[pri:3, instance:api.test.UserTests@2f7c2f4f]" started-at="2024-10-19T11:06:29 IST" name="testUpdateUserByName" finished-at="2024-10-19T11:06:32 IST" duration-ms="2280" status="PASS">
          <reporter-output>
          </reporter-output>
        </test-method> <!-- testUpdateUserByName -->
        <test-method signature="testDeleteUserByName()[pri:4, instance:api.test.UserTests@2f7c2f4f]" started-at="2024-10-19T11:06:32 IST" name="testDeleteUserByName" finished-at="2024-10-19T11:06:33 IST" duration-ms="1130" status="PASS">
          <reporter-output>
          </reporter-output>
        </test-method> <!-- testDeleteUserByName -->
      </class> <!-- api.test.UserTests -->
      <class name="api.test.DDTests">
        <test-method signature="testPostUser(java.lang.String,java.lang.String,java.lang.String,java.lang.String,java.lang.String,java.lang.String,java.lang.String)[pri:1, instance:api.test.DDTests@6dbb137d]" started-at="2024-10-19T11:06:15 IST" name="testPostUser" data-provider="data" finished-at="2024-10-19T11:06:18 IST" duration-ms="3151" status="PASS">
          <params>
            <param index="0">
              <value>
                <![CDATA[1010]]>
              </value>
            </param>
            <param index="1">
              <value>
                <![CDATA[testuser1]]>
              </value>
            </param>
            <param index="2">
              <value>
                <![CDATA[John]]>
              </value>
            </param>
            <param index="3">
              <value>
                <![CDATA[Candy]]>
              </value>
            </param>
            <param index="4">
              <value>
                <![CDATA[a@gmail.com]]>
              </value>
            </param>
            <param index="5">
              <value>
                <![CDATA[test@1]]>
              </value>
            </param>
            <param index="6">
              <value>
                <![CDATA[1234567897]]>
              </value>
            </param>
          </params>
          <reporter-output>
          </reporter-output>
        </test-method> <!-- testPostUser -->
        <test-method signature="testPostUser(java.lang.String,java.lang.String,java.lang.String,java.lang.String,java.lang.String,java.lang.String,java.lang.String)[pri:1, instance:api.test.DDTests@6dbb137d]" started-at="2024-10-19T11:06:18 IST" name="testPostUser" data-provider="data" finished-at="2024-10-19T11:06:19 IST" duration-ms="1154" status="PASS">
          <params>
            <param index="0">
              <value>
                <![CDATA[1020]]>
              </value>
            </param>
            <param index="1">
              <value>
                <![CDATA[testuser1]]>
              </value>
            </param>
            <param index="2">
              <value>
                <![CDATA[Kim]]>
              </value>
            </param>
            <param index="3">
              <value>
                <![CDATA[Kom]]>
              </value>
            </param>
            <param index="4">
              <value>
                <![CDATA[b@gmail.com]]>
              </value>
            </param>
            <param index="5">
              <value>
                <![CDATA[test@2]]>
              </value>
            </param>
            <param index="6">
              <value>
                <![CDATA[1234567897]]>
              </value>
            </param>
          </params>
          <reporter-output>
          </reporter-output>
        </test-method> <!-- testPostUser -->
        <test-method signature="testPostUser(java.lang.String,java.lang.String,java.lang.String,java.lang.String,java.lang.String,java.lang.String,java.lang.String)[pri:1, instance:api.test.DDTests@6dbb137d]" started-at="2024-10-19T11:06:19 IST" name="testPostUser" data-provider="data" finished-at="2024-10-19T11:06:20 IST" duration-ms="1086" status="PASS">
          <params>
            <param index="0">
              <value>
                <![CDATA[1030]]>
              </value>
            </param>
            <param index="1">
              <value>
                <![CDATA[testuser1]]>
              </value>
            </param>
            <param index="2">
              <value>
                <![CDATA[Smith]]>
              </value>
            </param>
            <param index="3">
              <value>
                <![CDATA[Steve]]>
              </value>
            </param>
            <param index="4">
              <value>
                <![CDATA[c@gmail.com]]>
              </value>
            </param>
            <param index="5">
              <value>
                <![CDATA[test@3]]>
              </value>
            </param>
            <param index="6">
              <value>
                <![CDATA[1234567897]]>
              </value>
            </param>
          </params>
          <reporter-output>
          </reporter-output>
        </test-method> <!-- testPostUser -->
        <test-method signature="testGetuserByName(java.lang.String)[pri:2, instance:api.test.DDTests@6dbb137d]" started-at="2024-10-19T11:06:20 IST" name="testGetuserByName" data-provider="UserNames" finished-at="2024-10-19T11:06:21 IST" duration-ms="1115" status="PASS">
          <params>
            <param index="0">
              <value>
                <![CDATA[testuser1]]>
              </value>
            </param>
          </params>
          <reporter-output>
          </reporter-output>
        </test-method> <!-- testGetuserByName -->
        <test-method signature="testGetuserByName(java.lang.String)[pri:2, instance:api.test.DDTests@6dbb137d]" started-at="2024-10-19T11:06:21 IST" name="testGetuserByName" data-provider="UserNames" finished-at="2024-10-19T11:06:22 IST" duration-ms="1109" status="PASS">
          <params>
            <param index="0">
              <value>
                <![CDATA[testuser1]]>
              </value>
            </param>
          </params>
          <reporter-output>
          </reporter-output>
        </test-method> <!-- testGetuserByName -->
        <test-method signature="testGetuserByName(java.lang.String)[pri:2, instance:api.test.DDTests@6dbb137d]" started-at="2024-10-19T11:06:22 IST" name="testGetuserByName" data-provider="UserNames" finished-at="2024-10-19T11:06:24 IST" duration-ms="1145" status="PASS">
          <params>
            <param index="0">
              <value>
                <![CDATA[testuser1]]>
              </value>
            </param>
          </params>
          <reporter-output>
          </reporter-output>
        </test-method> <!-- testGetuserByName -->
        <test-method signature="testDeleteuserByName(java.lang.String)[pri:3, instance:api.test.DDTests@6dbb137d]" started-at="2024-10-19T11:06:24 IST" name="testDeleteuserByName" data-provider="UserNames" finished-at="2024-10-19T11:06:25 IST" duration-ms="1099" status="PASS">
          <params>
            <param index="0">
              <value>
                <![CDATA[testuser1]]>
              </value>
            </param>
          </params>
          <reporter-output>
          </reporter-output>
        </test-method> <!-- testDeleteuserByName -->
        <test-method signature="testDeleteuserByName(java.lang.String)[pri:3, instance:api.test.DDTests@6dbb137d]" started-at="2024-10-19T11:06:25 IST" name="testDeleteuserByName" data-provider="UserNames" finished-at="2024-10-19T11:06:26 IST" duration-ms="1087" status="PASS">
          <params>
            <param index="0">
              <value>
                <![CDATA[testuser1]]>
              </value>
            </param>
          </params>
          <reporter-output>
          </reporter-output>
        </test-method> <!-- testDeleteuserByName -->
        <test-method signature="testDeleteuserByName(java.lang.String)[pri:3, instance:api.test.DDTests@6dbb137d]" started-at="2024-10-19T11:06:26 IST" name="testDeleteuserByName" data-provider="UserNames" finished-at="2024-10-19T11:06:27 IST" duration-ms="1110" status="PASS">
          <params>
            <param index="0">
              <value>
                <![CDATA[testuser1]]>
              </value>
            </param>
          </params>
          <reporter-output>
          </reporter-output>
        </test-method> <!-- testDeleteuserByName -->
      </class> <!-- api.test.DDTests -->
    </test> <!-- Surefire test -->
  </suite> <!-- Surefire suite -->
</testng-results>
