<?xml version="1.0" encoding="UTF-8"?>
<testsuite xmlns:xsi="http://www.w3.org/2001/XMLSchema-instance" xsi:noNamespaceSchemaLocation="https://maven.apache.org/surefire/maven-surefire-plugin/xsd/surefire-test-report.xsd" version="3.0.2" name="TestSuite" time="19.764" tests="13" errors="0" skipped="0" failures="0">
  <properties>
[...]
</properties>
  <testcase name="testPostUser[1010, testuser1, John, Candy, a@gmail.com, test@1, 1234567897](1)" classname="api.test.DDTests" time="3.151">
    <system-out><![CDATA[2024-10-19T05:36:14.152444600Z main ERROR Log4j2 could not find a logging implementation. Please add log4j-core to the classpath. Using SimpleLogger to log to the console...
HTTP/1.1 200 OK
Date: Sat, 19 Oct 2024 05:36:18 GMT
Content-Type: application/json
Transfer-Encoding: chunked
Connection: keep-alive
Access-Control-Allow-Origin: *
Access-Control-Allow-Methods: GET, POST, DELETE, PUT
Access-Control-Allow-Headers: Content-Type, api_key, Authorization
Server: Jetty(9.2.9.v20150224)

{
    "code": 200,
    "type": "unknown",
    "message": "1010"
}
]]></system-out>
    <system-err><![CDATA[SLF4J: Failed to load class "org.slf4j.impl.StaticLoggerBinder".
SLF4J: Defaulting to no-operation (NOP) logger implementation
SLF4J: See http://www.slf4j.org/codes.html#StaticLoggerBinder for further details.
]]></system-err>
  </testcase>
  <testcase name="testPostUser[1020, testuser1, Kim, Kom, b@gmail.com, test@2, 1234567897](2)" classname="api.test.DDTests" time="1.154">
    <system-out><![CDATA[HTTP/1.1 200 OK
Date: Sat, 19 Oct 2024 05:36:19 GMT
Content-Type: application/json
Transfer-Encoding: chunked
Connection: keep-alive
Access-Control-Allow-Origin: *
Access-Control-Allow-Methods: GET, POST, DELETE, PUT
Access-Control-Allow-Headers: Content-Type, api_key, Authorization
Server: Jetty(9.2.9.v20150224)

{
    "code": 200,
    "type": "unknown",
    "message": "1020"
}
]]></system-out>
  </testcase>
  <testcase name="testPostUser[1030, testuser1, Smith, Steve, c@gmail.com, test@3, 1234567897](3)" classname="api.test.DDTests" time="1.084">
    <system-out><![CDATA[HTTP/1.1 200 OK
Date: Sat, 19 Oct 2024 05:36:20 GMT
Content-Type: application/json
Transfer-Encoding: chunked
Connection: keep-alive
Access-Control-Allow-Origin: *
Access-Control-Allow-Methods: GET, POST, DELETE, PUT
Access-Control-Allow-Headers: Content-Type, api_key, Authorization
Server: Jetty(9.2.9.v20150224)

{
    "code": 200,
    "type": "unknown",
    "message": "1030"
}
]]></system-out>
  </testcase>
  <testcase name="testGetuserByName[testuser1](1)" classname="api.test.DDTests" time="1.116"/>
  <testcase name="testGetuserByName[testuser1](2)" classname="api.test.DDTests" time="1.109"/>
  <testcase name="testGetuserByName[testuser1](3)" classname="api.test.DDTests" time="1.145"/>
  <testcase name="testDeleteuserByName[testuser1](1)" classname="api.test.DDTests" time="1.098"/>
  <testcase name="testDeleteuserByName[testuser1](2)" classname="api.test.DDTests" time="1.088"/>
  <testcase name="testDeleteuserByName[testuser1](3)" classname="api.test.DDTests" time="1.113"/>
  <testcase name="testPostUser" classname="api.test.UserTests" time="1.137">
    <system-out><![CDATA[HTTP/1.1 200 OK
Date: Sat, 19 Oct 2024 05:36:28 GMT
Content-Type: application/json
Transfer-Encoding: chunked
Connection: keep-alive
Access-Control-Allow-Origin: *
Access-Control-Allow-Methods: GET, POST, DELETE, PUT
Access-Control-Allow-Headers: Content-Type, api_key, Authorization
Server: Jetty(9.2.9.v20150224)

{
    "code": 200,
    "type": "unknown",
    "message": "22515625"
}
]]></system-out>
  </testcase>
  <testcase name="testGetUserByName" classname="api.test.UserTests" time="1.109">
    <system-out><![CDATA[{
    "id": 22515625,
    "username": "maribel.hickle",
    "firstName": "Lawrence",
    "lastName": "Murphy",
    "email": "darell.koss@example.com",
    "password": "bf6sd",
    "phone": "423-725-7827",
    "userStatus": 0
}
]]></system-out>
  </testcase>
  <testcase name="testUpdateUserByName" classname="api.test.UserTests" time="2.281">
    <system-out><![CDATA[HTTP/1.1 200 OK
Date: Sat, 19 Oct 2024 05:36:30 GMT
Content-Type: application/json
Transfer-Encoding: chunked
Connection: keep-alive
Access-Control-Allow-Origin: *
Access-Control-Allow-Methods: GET, POST, DELETE, PUT
Access-Control-Allow-Headers: Content-Type, api_key, Authorization
Server: Jetty(9.2.9.v20150224)

{
    "code": 200,
    "type": "unknown",
    "message": "22515625"
}
{
    "code": 200,
    "type": "unknown",
    "message": "22515625"
}
Body Before Update
{
    "code": 200,
    "type": "unknown",
    "message": "22515625"
}
io.restassured.internal.ValidatableResponseImpl@45e35a0d
Body After Update
{
    "code": 200,
    "type": "unknown",
    "message": "22515625"
}
io.restassured.internal.ValidatableResponseImpl@630c3af3
]]></system-out>
  </testcase>
  <testcase name="testDeleteUserByName" classname="api.test.UserTests" time="1.131">
    <system-out><![CDATA[HTTP/1.1 200 OK
Date: Sat, 19 Oct 2024 05:36:33 GMT
Content-Type: application/json
Transfer-Encoding: chunked
Connection: keep-alive
Access-Control-Allow-Origin: *
Access-Control-Allow-Methods: GET, POST, DELETE, PUT
Access-Control-Allow-Headers: Content-Type, api_key, Authorization
Server: Jetty(9.2.9.v20150224)

{
    "code": 200,
    "type": "unknown",
    "message": "maribel.hickle"
}
]]></system-out>
  </testcase>
</testsuite>