<?xml version="1.0" encoding="UTF-8"?>
<testng-results ignored="0" total="4" passed="4" failed="0" skipped="0">
  <reporter-output>
  </reporter-output>
  <suite started-at="2024-10-19T10:34:41 IST" name="Suite" finished-at="2024-10-19T10:34:49 IST" duration-ms="7543">
    <groups>
    </groups>
    <test started-at="2024-10-19T10:34:41 IST" name="Test" finished-at="2024-10-19T10:34:49 IST" duration-ms="7543">
      <class name="api.test.UserTestsWillRunByPropertiesFile">
        <test-method is-config="true" signature="setupData()[pri:0, instance:api.test.UserTestsWillRunByPropertiesFile@22555ebf]" started-at="2024-10-19T10:34:41 IST" name="setupData" finished-at="2024-10-19T10:34:42 IST" duration-ms="183" status="PASS">
          <reporter-output>
          </reporter-output>
        </test-method> <!-- setupData -->
        <test-method signature="testPostUser()[pri:1, instance:api.test.UserTestsWillRunByPropertiesFile@22555ebf]" started-at="2024-10-19T10:34:42 IST" name="testPostUser" finished-at="2024-10-19T10:34:44 IST" duration-ms="2644" status="PASS">
          <reporter-output>
          </reporter-output>
        </test-method> <!-- testPostUser -->
        <test-method signature="testGetUserByName()[pri:2, instance:api.test.UserTestsWillRunByPropertiesFile@22555ebf]" started-at="2024-10-19T10:34:44 IST" name="testGetUserByName" finished-at="2024-10-19T10:34:45 IST" duration-ms="1114" status="PASS">
          <reporter-output>
          </reporter-output>
        </test-method> <!-- testGetUserByName -->
        <test-method signature="testUpdateUserByName()[pri:3, instance:api.test.UserTestsWillRunByPropertiesFile@22555ebf]" started-at="2024-10-19T10:34:45 IST" name="testUpdateUserByName" finished-at="2024-10-19T10:34:48 IST" duration-ms="2238" status="PASS">
          <reporter-output>
          </reporter-output>
        </test-method> <!-- testUpdateUserByName -->
        <test-method signature="testDeleteUserByName()[pri:4, instance:api.test.UserTestsWillRunByPropertiesFile@22555ebf]" started-at="2024-10-19T10:34:48 IST" name="testDeleteUserByName" finished-at="2024-10-19T10:34:49 IST" duration-ms="1124" status="PASS">
          <reporter-output>
          </reporter-output>
        </test-method> <!-- testDeleteUserByName -->
      </class> <!-- api.test.UserTestsWillRunByPropertiesFile -->
    </test> <!-- Test -->
  </suite> <!-- Suite -->
</testng-results>
